<?xml version="1.0" encoding="UTF-8"?>
<!-- Generated by org.testng.reporters.JUnitXMLReporter -->
<testsuite hostname="DESKTOP-IIJOUMB" failures="1" tests="1" name="Login" time="3.398" errors="0" timestamp="22 Apr 2024 03:29:50 GMT">
  <testcase classname="testcases.LoginTest" name="Login" time="0.018">
    <failure type="java.lang.NullPointerException" message="Cannot invoke &amp;quot;pages.Loginpage.clear()&amp;quot; because &amp;quot;this.login&amp;quot; is null">
      <![CDATA[java.lang.NullPointerException: Cannot invoke "pages.Loginpage.clear()" because "this.login" is null
	at testcases.LoginTest.Login(LoginTest.java:26)
... Removed 24 stack frames]]>
    </failure>
  </testcase> <!-- Login -->
</testsuite> <!-- Login -->
